<?xml version="1.0" encoding="UTF-8"?><testsuite errors="0" failures="2" name="Member of public registers on the I QUIT page" skipped="0" tests="2" time="403.58" timestamp="2018-10-20T21:26:18.331300200+08:00[Asia/Singapore]"><testcase name="Participant registers for an account"><failure message="&#10;Expected: a value equal to &lt;true&gt;&#10;     but: &lt;false&gt; was less than &lt;true&gt;" type="java.lang.AssertionError">
Expected: a value equal to &lt;true&gt;
     but: &lt;false&gt; was less than &lt;true&gt;</failure><system-err>
Expected: a value equal to &lt;true&gt;
     but: &lt;false&gt; was less than &lt;true&gt;&#13;
steps.NewParticipantRegistrationSteps.registers_for_an_account(NewParticipantRegistrationSteps.java:49)&#13;
✽.* 'Boon Tiong Kee' registers for an account(src/test/resources/features/public_registration/NewParticipantRegistration.feature:7)&#13;
</system-err></testcase><testcase name="EO registers a member of public"><failure message="&#10;Expected: a value equal to &lt;true&gt;&#10;     but: &lt;false&gt; was less than &lt;true&gt;" type="java.lang.AssertionError">
Expected: a value equal to &lt;true&gt;
     but: &lt;false&gt; was less than &lt;true&gt;</failure><system-err>
Expected: a value equal to &lt;true&gt;
     but: &lt;false&gt; was less than &lt;true&gt;&#13;
steps.EOParticipantRegistrationSteps.registers_a_member_of_public(EOParticipantRegistrationSteps.java:52)&#13;
✽.* 'Amy Tan' registers a member of public(src/test/resources/features/public_registration/NewParticipantRegistration.feature:10)&#13;
</system-err></testcase></testsuite>